<?xml version="1.0" encoding="UTF-8"?>
<testsuite xmlns:xsi="http://www.w3.org/2001/XMLSchema-instance" xsi:noNamespaceSchemaLocation="https://maven.apache.org/surefire/maven-surefire-plugin/xsd/surefire-test-report-3.0.xsd" version="3.0" name="tasktree.spi.TaskTest" time="7.019" tests="1" errors="0" skipped="0" failures="0">
  <properties>
[...]
</properties>
  <testcase name="testCaseA" classname="tasktree.spi.TaskTest" time="1.306">
    <system-out><![CDATA[2022-03-21 19:01:00 INFO JBoss Threads version 3.4.2.Final
]]></system-out>
  </testcase>
</testsuite>